[2020-06-04T11:46:09.802064+00:00] test.INFO: category.created : {"description":"Test Category"} ["EVENT","PORTAL"] []
[2020-06-04T11:48:33.187581+00:00] test.INFO: user.logged : [] ["EVENT","PORTAL"] []
[2020-06-04T12:12:31.453693+00:00] test.INFO: user.logged : [] ["EVENT","PORTAL"] []
[2020-06-04T12:14:56.060797+00:00] test.INFO: user.logged : {"username":"test-user"} ["EVENT","PORTAL"] []
[2020-06-04T12:22:11.849022+00:00] test.INFO: user.logged : {"username":"test-user"} ["EVENT","PORTAL"] []
[2020-06-04T14:48:50.070859+00:00] test.INFO: user.logged : {"username":"test-user"} ["EVENT","PORTAL"] []
[2020-06-04T16:09:41.638269+00:00] test.INFO: user.logged : {"username":"test-user"} ["EVENT","PORTAL"] []
[2020-06-04T16:09:41.650168+00:00] test.INFO: user.logged : {"username":"test-user"} ["EVENT","PORTAL"] []
[2020-06-05T10:56:14.522740+00:00] test.INFO: user.logged : {"username":"test-user"} ["EVENT","PORTAL"] []
[2020-06-05T11:09:35.484248+00:00] test.INFO: user.logged : {"username":"test-user"} ["EVENT","PORTAL"] []
[2020-06-05T11:11:18.434051+00:00] test.INFO: user.logged : {"username":"test-user"} ["EVENT","PORTAL"] []
[2020-06-05T11:13:17.517029+00:00] test.INFO: user.logged : {"username":"test-user"} ["EVENT","PORTAL"] []
[2020-06-05T11:14:44.571226+00:00] test.INFO: user.logged : {"username":"test-user"} ["EVENT","PORTAL"] []
[2020-06-05T11:15:16.841786+00:00] test.INFO: user.logged : {"username":"test-user"} ["EVENT","PORTAL"] []
[2020-06-05T12:01:21.154057+00:00] test.INFO: user.logged : {"username":"test-user"} ["EVENT","PORTAL"] []
[2020-06-08T13:32:33.849897+00:00] test.INFO: Some info message ["TEST"] []
[2020-06-08T13:32:33.862345+00:00] test.CRITICAL: Some critical message ["TEST"] []
[2020-06-08T13:32:33.872556+00:00] test.WARNING: Some warning message ["TEST"] []
[2020-06-08T13:32:42.168838+00:00] test.INFO: Some info message ["TEST"] []
[2020-06-08T13:32:42.183824+00:00] test.CRITICAL: Some critical message ["TEST"] []
[2020-06-08T13:32:42.193370+00:00] test.WARNING: Some warning message ["TEST"] []
[2020-06-08T13:35:38.517183+00:00] test.INFO: category.created : {"description":"Test Category"} ["EVENT","PORTAL"] []
[2020-06-08T13:42:26.815224+00:00] test.INFO: category.created : {"description":"Test Category"} ["EVENT","PORTAL"] []
[2020-06-08T13:42:27.002412+00:00] test.INFO: user.logged : {"username":"test-user"} ["EVENT","PORTAL"] []
[2020-06-08T13:44:40.619496+00:00] test.INFO: category.created : {"description":"Test Category"} ["EVENT","PORTAL"] []
[2020-06-08T13:44:40.824764+00:00] test.INFO: user.logged : {"username":"test-user"} ["EVENT","PORTAL"] []
[2020-06-11T14:44:38.936224+00:00] test.INFO: category.created : {"description":"Test Category"} ["EVENT","PORTAL"] []
[2020-06-11T14:47:45.326285+00:00] test.INFO: category.created : {"description":"Test Category"} ["EVENT","PORTAL"] []
[2020-06-13T18:56:41.472768+00:00] test.INFO: category.created : {"description":"Test Category"} ["EVENT","PORTAL"] []
[2020-06-13T19:32:52.026767+00:00] test.INFO: category.created : {"description":"Test Category"} ["EVENT","PORTAL"] []
[2020-06-15T10:56:11.987876+00:00] test.INFO: category.created : {"description":"Test Category"} ["EVENT","PORTAL"] []
[2020-06-15T10:57:45.673921+00:00] test.INFO: category.created : {"description":"Test Category"} ["EVENT","PORTAL"] []
[2020-06-15T11:13:36.590369+00:00] test.INFO: category.created : {"description":"Test Category"} ["EVENT","PORTAL"] []
[2020-06-15T11:14:44.977740+00:00] test.INFO: category.created : {"description":"Test Category"} ["EVENT","PORTAL"] []
[2020-06-15T11:17:11.914633+00:00] test.INFO: category.created : {"description":"Test Category"} ["EVENT","PORTAL"] []
[2020-06-15T11:28:22.205555+00:00] test.INFO: category.created : {"description":"Test Category"} ["EVENT","PORTAL"] []
[2020-06-15T11:48:25.116897+00:00] test.INFO: category.created : {"description":"Test Category"} ["EVENT","PORTAL"] []
[2020-06-15T11:49:41.010686+00:00] test.INFO: category.created : {"description":"Test Category"} ["EVENT","PORTAL"] []
[2020-06-15T11:53:42.102076+00:00] test.INFO: category.created : {"description":"Test Category"} ["EVENT","PORTAL"] []
[2020-06-15T11:55:24.332724+00:00] test.INFO: category.created : {"description":"Test Category"} ["EVENT","PORTAL"] []
[2020-06-15T11:56:40.844571+00:00] test.INFO: category.created : {"description":"Test Category"} ["EVENT","PORTAL"] []
[2020-06-15T13:56:31.582251+00:00] test.INFO: category.created : {"description":"Test Category"} ["EVENT","PORTAL"] []
[2020-06-15T13:59:52.962844+00:00] test.INFO: category.created : {"description":"Test Category"} ["EVENT","PORTAL"] []
[2020-06-15T14:01:40.273695+00:00] test.INFO: category.created : {"description":"Test Category"} ["EVENT","PORTAL"] []
[2020-06-15T14:03:55.663428+00:00] test.INFO: category.created : {"description":"Test Category"} ["EVENT","PORTAL"] []
[2020-06-15T14:04:46.575398+00:00] test.INFO: category.created : {"description":"Test Category"} ["EVENT","PORTAL"] []
[2020-06-15T14:16:16.145294+00:00] test.INFO: category.created : {"description":"Test Category"} ["EVENT","PORTAL"] []
[2020-06-15T14:17:51.255879+00:00] test.INFO: category.created : {"description":"Test Category"} ["EVENT","PORTAL"] []
[2020-06-15T14:18:43.341634+00:00] test.INFO: category.created : {"description":"Test Category"} ["EVENT","PORTAL"] []
[2020-06-15T14:32:46.792969+00:00] test.INFO: category.created : {"description":"Test Category"} ["EVENT","PORTAL"] []
[2020-06-15T14:34:22.103031+00:00] test.INFO: category.created : {"description":"Test Category"} ["EVENT","PORTAL"] []
[2020-06-15T14:35:02.876054+00:00] test.INFO: category.created : {"description":"Test Category"} ["EVENT","PORTAL"] []
[2020-06-15T14:38:27.667274+00:00] test.INFO: category.created : {"description":"Test Category"} ["EVENT","PORTAL"] []
[2020-06-15T14:40:17.367302+00:00] test.INFO: category.created : {"description":"Test Category"} ["EVENT","PORTAL"] []
[2020-06-15T14:41:23.095600+00:00] test.INFO: category.created : {"description":"Test Category"} ["EVENT","PORTAL"] []
[2020-06-15T14:43:29.125031+00:00] test.INFO: category.created : {"description":"Test Category"} ["EVENT","PORTAL"] []
[2020-06-15T14:49:10.545069+00:00] test.INFO: category.created : {"description":"Test Category"} ["EVENT","PORTAL"] []
[2020-06-16T11:22:25.742520+00:00] test.INFO: category.created : {"description":"Test Category"} ["EVENT","PORTAL"] []
[2020-06-16T11:23:03.995616+00:00] test.INFO: category.created : {"description":"Test Category"} ["EVENT","PORTAL"] []
[2020-06-16T11:27:48.119857+00:00] test.INFO: category.created : {"description":"Test Category"} ["EVENT","PORTAL"] []
[2020-06-16T11:31:12.233759+00:00] test.INFO: category.created : {"description":"Test Category"} ["EVENT","PORTAL"] []
[2020-06-16T11:32:16.449892+00:00] test.INFO: category.created : {"description":"Test Category"} ["EVENT","PORTAL"] []
[2020-06-16T14:09:35.913583+00:00] test.INFO: category.created : {"description":"Test Category"} ["EVENT","PORTAL"] []
[2020-06-16T14:09:37.149596+00:00] test.INFO: user.logged : {"username":"test-user"} ["EVENT","PORTAL"] []
[2020-06-16T14:11:21.708662+00:00] test.INFO: category.created : {"description":"Test Category"} ["EVENT","PORTAL"] []
[2020-06-16T14:11:22.953403+00:00] test.INFO: user.logged : {"username":"test-user"} ["EVENT","PORTAL"] []
[2020-06-16T14:12:46.626032+00:00] test.INFO: Some info message ["TEST"] []
[2020-06-16T14:12:46.637997+00:00] test.CRITICAL: Some critical message ["TEST"] []
[2020-06-16T14:12:46.646470+00:00] test.WARNING: Some warning message ["TEST"] []
[2020-06-16T14:12:54.931884+00:00] test.INFO: Some info message ["TEST"] []
[2020-06-16T14:12:54.944851+00:00] test.CRITICAL: Some critical message ["TEST"] []
[2020-06-16T14:12:54.953053+00:00] test.WARNING: Some warning message ["TEST"] []
[2020-06-16T14:13:13.314719+00:00] test.INFO: category.created : {"description":"Test Category"} ["EVENT","PORTAL"] []
[2020-06-16T14:13:14.455787+00:00] test.INFO: user.logged : {"username":"test-user"} ["EVENT","PORTAL"] []
[2020-06-16T14:21:06.036421+00:00] test.INFO: category.created : {"description":"Test Category"} ["EVENT","PORTAL"] []
[2020-06-16T14:21:07.324738+00:00] test.INFO: user.logged : {"username":"test-user"} ["EVENT","PORTAL"] []
[2020-06-16T14:21:48.990598+00:00] test.INFO: category.created : {"description":"Test Category"} ["EVENT","PORTAL"] []
[2020-06-16T14:21:50.297271+00:00] test.INFO: user.logged : {"username":"test-user"} ["EVENT","PORTAL"] []
[2020-06-16T14:33:34.290846+00:00] test.INFO: category.created : {"description":"Test Category"} ["EVENT","PORTAL"] []
[2020-06-16T14:33:34.295589+00:00] test.INFO: user.logged : {"username":"test-user"} ["EVENT","PORTAL"] []
[2020-06-16T14:35:18.160264+00:00] test.INFO: category.created : {"description":"Test Category"} ["EVENT","PORTAL"] []
[2020-06-16T14:35:19.340312+00:00] test.INFO: user.logged : {"username":"test-user"} ["EVENT","PORTAL"] []
[2020-06-16T14:41:20.537498+00:00] test.INFO: category.created : {"description":"Test Category"} ["EVENT","PORTAL"] []
[2020-06-16T14:41:21.923711+00:00] test.INFO: user.logged : {"username":"test-user"} ["EVENT","PORTAL"] []
[2020-06-16T14:43:28.823346+00:00] test.INFO: category.created : {"description":"Test Category"} ["EVENT","PORTAL"] []
[2020-06-16T14:43:29.997708+00:00] test.INFO: user.logged : {"username":"test-user"} ["EVENT","PORTAL"] []
[2020-06-17T08:58:24.848083+00:00] test.INFO: category.created : {"description":"Test Category"} ["EVENT","PORTAL"] []
[2020-06-17T08:58:26.108138+00:00] test.INFO: user.logged : {"username":"test-user"} ["EVENT","PORTAL"] []
[2020-06-17T09:06:22.728856+00:00] test.INFO: category.created : {"description":"Test Category"} ["EVENT","PORTAL"] []
[2020-06-17T09:06:23.993870+00:00] test.INFO: user.logged : {"username":"test-user"} ["EVENT","PORTAL"] []
[2020-06-17T09:49:26.220481+00:00] test.INFO: category.created : {"description":"Test Category"} ["EVENT","PORTAL"] []
[2020-06-17T09:49:27.450286+00:00] test.INFO: user.logged : {"username":"test-user"} ["EVENT","PORTAL"] []
[2020-06-17T09:50:03.169753+00:00] test.INFO: category.created : {"description":"Test Category"} ["EVENT","PORTAL"] []
[2020-06-17T09:50:04.418297+00:00] test.INFO: user.logged : {"username":"test-user"} ["EVENT","PORTAL"] []
[2020-06-17T09:52:18.242193+00:00] test.INFO: category.created : {"description":"Test Category"} ["EVENT","PORTAL"] []
[2020-06-17T09:52:19.479927+00:00] test.INFO: user.logged : {"username":"test-user"} ["EVENT","PORTAL"] []
[2020-06-17T09:53:06.884660+00:00] test.INFO: category.created : {"description":"Test Category"} ["EVENT","PORTAL"] []
[2020-06-17T09:53:08.206880+00:00] test.INFO: user.logged : {"username":"test-user"} ["EVENT","PORTAL"] []
[2020-06-17T09:55:54.500333+00:00] test.INFO: category.created : {"description":"Test Category"} ["EVENT","PORTAL"] []
[2020-06-17T09:55:55.816069+00:00] test.INFO: user.logged : {"username":"test-user"} ["EVENT","PORTAL"] []
[2020-06-17T09:56:46.863575+00:00] test.INFO: category.created : {"description":"Test Category"} ["EVENT","PORTAL"] []
[2020-06-17T09:56:48.064133+00:00] test.INFO: user.logged : {"username":"test-user"} ["EVENT","PORTAL"] []
[2020-06-17T09:59:16.775743+00:00] test.INFO: category.created : {"description":"Test Category"} ["EVENT","PORTAL"] []
[2020-06-17T09:59:17.918859+00:00] test.INFO: user.logged : {"username":"test-user"} ["EVENT","PORTAL"] []
[2020-06-17T10:01:25.347514+00:00] test.INFO: category.created : {"description":"Test Category"} ["EVENT","PORTAL"] []
[2020-06-17T10:01:26.666136+00:00] test.INFO: user.logged : {"username":"test-user"} ["EVENT","PORTAL"] []
[2020-06-17T10:05:07.044362+00:00] test.INFO: category.created : {"description":"Test Category"} ["EVENT","PORTAL"] []
[2020-06-17T10:05:08.514468+00:00] test.INFO: user.logged : {"username":"test-user"} ["EVENT","PORTAL"] []
[2020-06-17T10:07:06.355885+00:00] test.INFO: category.created : {"description":"Test Category"} ["EVENT","PORTAL"] []
[2020-06-17T10:07:07.703326+00:00] test.INFO: user.logged : {"username":"test-user"} ["EVENT","PORTAL"] []
[2020-06-17T10:09:36.320486+00:00] test.INFO: category.created : {"description":"Test Category"} ["EVENT","PORTAL"] []
[2020-06-17T10:09:37.722018+00:00] test.INFO: user.logged : {"username":"test-user"} ["EVENT","PORTAL"] []
[2020-06-17T10:10:51.442261+00:00] test.INFO: category.created : {"description":"Test Category"} ["EVENT","PORTAL"] []
[2020-06-17T10:10:52.758271+00:00] test.INFO: user.logged : {"username":"test-user"} ["EVENT","PORTAL"] []
[2020-06-17T10:13:28.202105+00:00] test.INFO: category.created : {"description":"Test Category"} ["EVENT","PORTAL"] []
[2020-06-17T10:13:29.425508+00:00] test.INFO: user.logged : {"username":"test-user"} ["EVENT","PORTAL"] []
[2020-06-17T10:14:59.172033+00:00] test.INFO: category.created : {"description":"Test Category"} ["EVENT","PORTAL"] []
[2020-06-17T10:15:00.610539+00:00] test.INFO: user.logged : {"username":"test-user"} ["EVENT","PORTAL"] []
[2020-06-17T10:15:53.223436+00:00] test.INFO: category.created : {"description":"Test Category"} ["EVENT","PORTAL"] []
[2020-06-17T10:15:54.721721+00:00] test.INFO: user.logged : {"username":"test-user"} ["EVENT","PORTAL"] []
[2020-06-17T10:17:55.806655+00:00] test.INFO: category.created : {"description":"Test Category"} ["EVENT","PORTAL"] []
[2020-06-17T10:17:56.945948+00:00] test.INFO: user.logged : {"username":"test-user"} ["EVENT","PORTAL"] []
[2020-06-17T10:21:01.468122+00:00] test.INFO: category.created : {"description":"Test Category"} ["EVENT","PORTAL"] []
[2020-06-17T10:21:02.669383+00:00] test.INFO: user.logged : {"username":"test-user"} ["EVENT","PORTAL"] []
[2020-06-17T10:22:23.579386+00:00] test.INFO: category.created : {"description":"Test Category"} ["EVENT","PORTAL"] []
[2020-06-17T10:22:24.873702+00:00] test.INFO: user.logged : {"username":"test-user"} ["EVENT","PORTAL"] []
[2020-06-17T15:52:42.203784+00:00] test.INFO: user.logged : {"username":"test-user"} ["EVENT","PORTAL"] []
[2020-06-18T07:57:53.210047+00:00] test.INFO: category.created : {"description":"Test Category"} ["EVENT","PORTAL"] []
[2020-06-18T07:57:53.221772+00:00] test.INFO: user.logged : {"username":"test-user"} ["EVENT","PORTAL"] []
[2020-06-18T07:57:53.224167+00:00] test.INFO: category.created : {"description":"Test Category"} ["EVENT","PORTAL"] []
[2020-06-18T07:57:53.226598+00:00] test.INFO: user.logged : {"username":"test-user"} ["EVENT","PORTAL"] []
[2020-06-18T07:57:53.228981+00:00] test.INFO: category.created : {"description":"Test Category"} ["EVENT","PORTAL"] []
[2020-06-18T07:57:53.231264+00:00] test.INFO: user.logged : {"username":"test-user"} ["EVENT","PORTAL"] []
[2020-06-18T08:04:24.526015+00:00] test.INFO: category.created : {"description":"Test Category"} ["EVENT","PORTAL"] []
[2020-06-18T08:04:25.903311+00:00] test.INFO: user.logged : {"username":"test-user"} ["EVENT","PORTAL"] []
[2020-06-18T09:08:27.267258+00:00] test.INFO: category.created : {"description":"Test Category"} ["EVENT","PORTAL"] []
[2020-06-18T09:08:28.520115+00:00] test.INFO: user.logged : {"username":"test-user"} ["EVENT","PORTAL"] []
[2020-06-18T09:09:11.425457+00:00] test.INFO: category.created : {"description":"Test Category"} ["EVENT","PORTAL"] []
[2020-06-18T09:09:12.714350+00:00] test.INFO: user.logged : {"username":"test-user"} ["EVENT","PORTAL"] []
[2020-06-18T09:15:37.041993+00:00] test.INFO: category.created : {"description":"Test Category"} ["EVENT","PORTAL"] []
[2020-06-18T09:15:38.336304+00:00] test.INFO: user.logged : {"username":"test-user"} ["EVENT","PORTAL"] []
[2020-06-18T09:17:15.437013+00:00] test.INFO: category.created : {"description":"Test Category"} ["EVENT","PORTAL"] []
[2020-06-18T09:17:16.734250+00:00] test.INFO: user.logged : {"username":"test-user"} ["EVENT","PORTAL"] []
[2020-06-18T09:19:32.124654+00:00] test.INFO: category.created : {"description":"Test Category"} ["EVENT","PORTAL"] []
[2020-06-18T09:19:33.560152+00:00] test.INFO: user.logged : {"username":"test-user"} ["EVENT","PORTAL"] []
[2020-06-18T09:20:16.865802+00:00] test.INFO: category.created : {"description":"Test Category"} ["EVENT","PORTAL"] []
[2020-06-18T09:20:18.193484+00:00] test.INFO: user.logged : {"username":"test-user"} ["EVENT","PORTAL"] []
[2020-06-18T09:22:39.867224+00:00] test.INFO: category.created : {"description":"Test Category"} ["EVENT","PORTAL"] []
[2020-06-18T09:22:41.283297+00:00] test.INFO: user.logged : {"username":"test-user"} ["EVENT","PORTAL"] []
[2020-06-18T10:29:52.442419+00:00] test.INFO: category.created : {"description":"Test Category"} ["EVENT","PORTAL"] []
[2020-06-18T10:29:53.886982+00:00] test.INFO: user.logged : {"username":"test-user"} ["EVENT","PORTAL"] []
[2020-06-19T07:23:00.418499+00:00] test.INFO: category.created : {"description":"Test Category"} ["EVENT","PORTAL"] []
[2020-06-19T07:23:01.647216+00:00] test.INFO: user.logged : {"username":"test-user"} ["EVENT","PORTAL"] []
[2020-06-19T07:23:28.222000+00:00] test.INFO: category.created : {"description":"Test Category"} ["EVENT","PORTAL"] []
[2020-06-19T07:23:29.422649+00:00] test.INFO: user.logged : {"username":"test-user"} ["EVENT","PORTAL"] []
[2020-06-23T12:40:45.954883+00:00] test.INFO: category.created : {"description":"Test Category"} ["EVENT","PORTAL"] []
[2020-06-23T12:40:47.288506+00:00] test.INFO: user.logged : {"username":"test-user"} ["EVENT","PORTAL"] []
[2020-07-06T08:22:31.973633+00:00] test.INFO: category.created : {"description":"Test Category"} ["EVENT","PORTAL"] []
[2020-07-06T08:22:32.861302+00:00] test.INFO: user.logged : {"username":"test-user"} ["EVENT","PORTAL"] []
[2020-07-06T08:22:53.081332+00:00] test.INFO: Some info message ["TEST"] []
[2020-07-06T08:22:53.091680+00:00] test.CRITICAL: Some critical message ["TEST"] []
[2020-07-06T08:22:53.096445+00:00] test.WARNING: Some warning message ["TEST"] []
[2020-07-06T08:24:35.882803+00:00] test.INFO: category.created : {"description":"Test Category"} ["EVENT","PORTAL"] []
[2020-07-06T08:24:36.840242+00:00] test.INFO: user.logged : {"username":"test-user"} ["EVENT","PORTAL"] []
[2020-07-06T08:24:44.025909+00:00] test.INFO: category.created : {"description":"Test Category"} ["EVENT","PORTAL"] []
[2020-07-06T08:24:44.885929+00:00] test.INFO: user.logged : {"username":"test-user"} ["EVENT","PORTAL"] []
[2020-07-06T16:19:06.313910+00:00] test.INFO: Some info message ["TEST"] []
[2020-07-06T16:19:06.326958+00:00] test.CRITICAL: Some critical message ["TEST"] []
[2020-07-06T16:19:06.331573+00:00] test.WARNING: Some warning message ["TEST"] []
[2020-07-06T16:23:36.650459+00:00] test.INFO: Some info message ["TEST"] []
[2020-07-06T16:23:36.660706+00:00] test.CRITICAL: Some critical message ["TEST"] []
[2020-07-06T16:23:36.667211+00:00] test.WARNING: Some warning message ["TEST"] []
[2020-07-06T16:34:02.498685+00:00] test.INFO: Some info message ["TEST"] []
[2020-07-06T16:34:02.504485+00:00] test.CRITICAL: Some critical message ["TEST"] []
[2020-07-06T16:34:02.507208+00:00] test.WARNING: Some warning message ["TEST"] []
[2020-07-06T18:21:49.988995+00:00] test.INFO: Some info message ["TEST"] []
[2020-07-06T18:21:50.001507+00:00] test.CRITICAL: Some critical message ["TEST"] []
[2020-07-06T18:21:50.009802+00:00] test.WARNING: Some warning message ["TEST"] []
[2020-07-08T15:42:49.713667+00:00] test.INFO: Some info message ["TEST"] []
[2020-07-08T15:42:49.726378+00:00] test.CRITICAL: Some critical message ["TEST"] []
[2020-07-08T15:42:49.734815+00:00] test.WARNING: Some warning message ["TEST"] []
[2020-07-09T07:14:05.106589+00:00] test.INFO: Some info message ["TEST"] []
[2020-07-09T07:14:05.118830+00:00] test.CRITICAL: Some critical message ["TEST"] []
[2020-07-09T07:14:05.126903+00:00] test.WARNING: Some warning message ["TEST"] []
[2020-07-09T07:14:16.583946+00:00] test.INFO: Some info message ["TEST"] []
[2020-07-09T07:14:16.597978+00:00] test.CRITICAL: Some critical message ["TEST"] []
[2020-07-09T07:14:16.606414+00:00] test.WARNING: Some warning message ["TEST"] []
[2020-07-09T07:14:25.851454+00:00] test.INFO: Some info message ["TEST"] []
[2020-07-09T07:14:25.863265+00:00] test.CRITICAL: Some critical message ["TEST"] []
[2020-07-09T07:14:25.871774+00:00] test.WARNING: Some warning message ["TEST"] []
[2020-07-09T07:14:42.960245+00:00] test.INFO: Some info message ["TEST"] []
[2020-07-09T07:14:42.974759+00:00] test.CRITICAL: Some critical message ["TEST"] []
[2020-07-09T07:14:42.988354+00:00] test.WARNING: Some warning message ["TEST"] []
[2020-07-15T10:30:46.834611+00:00] test.INFO: Some info message ["TEST"] []
[2020-07-15T10:30:46.862375+00:00] test.CRITICAL: Some critical message ["TEST"] []
[2020-07-15T10:30:46.880079+00:00] test.WARNING: Some warning message ["TEST"] []
[2020-07-15T11:24:25.081137+00:00] test.INFO: Some info message ["TEST"] []
[2020-07-15T11:24:25.107013+00:00] test.CRITICAL: Some critical message ["TEST"] []
[2020-07-15T11:24:25.123159+00:00] test.WARNING: Some warning message ["TEST"] []
[2020-07-15T11:49:44.298960+00:00] test.INFO: Some info message ["TEST"] []
[2020-07-15T11:49:44.314731+00:00] test.CRITICAL: Some critical message ["TEST"] []
[2020-07-15T11:49:44.329019+00:00] test.WARNING: Some warning message ["TEST"] []
[2020-07-15T11:50:06.548094+00:00] test.INFO: Some info message ["TEST"] []
[2020-07-15T11:50:06.570894+00:00] test.CRITICAL: Some critical message ["TEST"] []
[2020-07-15T11:50:06.584849+00:00] test.WARNING: Some warning message ["TEST"] []
[2020-07-15T13:14:04.607573+00:00] test.INFO: Some info message ["TEST"] []
[2020-07-15T13:14:04.620975+00:00] test.CRITICAL: Some critical message ["TEST"] []
[2020-07-15T13:14:04.629016+00:00] test.WARNING: Some warning message ["TEST"] []
[2020-07-15T13:15:09.844026+00:00] test.INFO: Some info message ["TEST"] []
[2020-07-15T13:15:09.858785+00:00] test.CRITICAL: Some critical message ["TEST"] []
[2020-07-15T13:15:09.867748+00:00] test.WARNING: Some warning message ["TEST"] []
[2020-07-15T13:35:55.688265+00:00] test.INFO: Some info message ["TEST"] []
[2020-07-15T13:35:55.701800+00:00] test.CRITICAL: Some critical message ["TEST"] []
[2020-07-15T13:35:55.712315+00:00] test.WARNING: Some warning message ["TEST"] []
[2020-07-15T13:36:49.056063+00:00] test.INFO: Some info message ["TEST"] []
[2020-07-15T13:36:49.073883+00:00] test.CRITICAL: Some critical message ["TEST"] []
[2020-07-15T13:36:49.082544+00:00] test.WARNING: Some warning message ["TEST"] []
[2020-07-15T13:37:48.102920+00:00] test.INFO: Some info message ["TEST"] []
[2020-07-15T13:37:48.116072+00:00] test.CRITICAL: Some critical message ["TEST"] []
[2020-07-15T13:37:48.124699+00:00] test.WARNING: Some warning message ["TEST"] []
[2020-07-15T13:38:15.113588+00:00] test.INFO: Some info message ["TEST"] []
[2020-07-15T13:38:15.125236+00:00] test.CRITICAL: Some critical message ["TEST"] []
[2020-07-15T13:38:15.133851+00:00] test.WARNING: Some warning message ["TEST"] []
[2020-07-15T13:39:03.743382+00:00] test.INFO: Some info message ["TEST"] []
[2020-07-15T13:39:03.779903+00:00] test.CRITICAL: Some critical message ["TEST"] []
[2020-07-15T13:39:03.800366+00:00] test.WARNING: Some warning message ["TEST"] []
[2020-07-15T13:52:10.254598+00:00] test.INFO: Some info message ["TEST"] []
[2020-07-15T13:52:10.268014+00:00] test.CRITICAL: Some critical message ["TEST"] []
[2020-07-15T13:52:10.276663+00:00] test.WARNING: Some warning message ["TEST"] []
[2020-07-15T13:52:22.036808+00:00] test.INFO: Some info message ["TEST"] []
[2020-07-15T13:52:22.048718+00:00] test.CRITICAL: Some critical message ["TEST"] []
[2020-07-15T13:52:22.057182+00:00] test.WARNING: Some warning message ["TEST"] []
[2020-07-15T13:52:33.777316+00:00] test.INFO: Some info message ["TEST"] []
[2020-07-15T13:52:33.789906+00:00] test.CRITICAL: Some critical message ["TEST"] []
[2020-07-15T13:52:33.798126+00:00] test.WARNING: Some warning message ["TEST"] []
[2020-07-15T13:54:11.390556+00:00] test.INFO: Some info message ["TEST"] []
[2020-07-15T13:54:11.401782+00:00] test.CRITICAL: Some critical message ["TEST"] []
[2020-07-15T13:54:11.411688+00:00] test.WARNING: Some warning message ["TEST"] []
[2020-07-15T13:54:25.032460+00:00] test.INFO: Some info message ["TEST"] []
[2020-07-15T13:54:25.044504+00:00] test.CRITICAL: Some critical message ["TEST"] []
[2020-07-15T13:54:25.053520+00:00] test.WARNING: Some warning message ["TEST"] []
[2020-07-15T13:54:50.194524+00:00] test.INFO: Some info message ["TEST"] []
[2020-07-15T13:54:50.219850+00:00] test.CRITICAL: Some critical message ["TEST"] []
[2020-07-15T13:54:50.235764+00:00] test.WARNING: Some warning message ["TEST"] []
[2020-07-15T14:07:24.521527+00:00] test.INFO: Some info message ["TEST"] []
[2020-07-15T14:07:24.546089+00:00] test.CRITICAL: Some critical message ["TEST"] []
[2020-07-15T14:07:24.562378+00:00] test.WARNING: Some warning message ["TEST"] []
[2020-07-15T14:25:39.324624+00:00] test.INFO: Some info message ["TEST"] []
[2020-07-15T14:25:39.349616+00:00] test.CRITICAL: Some critical message ["TEST"] []
[2020-07-15T14:25:39.367120+00:00] test.WARNING: Some warning message ["TEST"] []
[2020-07-15T15:45:44.091256+00:00] test.INFO: Some info message ["TEST"] []
[2020-07-15T15:45:44.117124+00:00] test.CRITICAL: Some critical message ["TEST"] []
[2020-07-15T15:45:44.133632+00:00] test.WARNING: Some warning message ["TEST"] []
[2020-09-03T11:56:46.870192+00:00] test.INFO: Some info message ["TEST"] []
[2020-09-03T11:56:46.880902+00:00] test.CRITICAL: Some critical message ["TEST"] []
[2020-09-03T11:56:46.888019+00:00] test.WARNING: Some warning message ["TEST"] []
[2020-10-24T18:52:38.770063+00:00] test.INFO: Some info message ["TEST"] []
[2020-10-24T18:52:38.784831+00:00] test.CRITICAL: Some critical message ["TEST"] []
[2020-10-24T18:52:38.794884+00:00] test.WARNING: Some warning message ["TEST"] []
[2021-03-24T20:57:10.771907+00:00] test.INFO: Some info message ["TEST"] []
[2021-03-24T20:57:10.795431+00:00] test.CRITICAL: Some critical message ["TEST"] []
[2021-03-24T20:57:10.805645+00:00] test.WARNING: Some warning message ["TEST"] []
[2021-03-25T00:44:14.702597+00:00] test.INFO: Some info message ["TEST"] []
[2021-03-25T00:44:14.713655+00:00] test.CRITICAL: Some critical message ["TEST"] []
[2021-03-25T00:44:14.724086+00:00] test.WARNING: Some warning message ["TEST"] []
[2021-03-25T00:48:47.044619+00:00] test.INFO: Some info message ["TEST"] []
[2021-03-25T00:48:47.056146+00:00] test.CRITICAL: Some critical message ["TEST"] []
[2021-03-25T00:48:47.064438+00:00] test.WARNING: Some warning message ["TEST"] []
[2021-03-25T00:54:42.131309+00:00] test.INFO: Some info message ["TEST"] []
[2021-03-25T00:54:42.142955+00:00] test.CRITICAL: Some critical message ["TEST"] []
[2021-03-25T00:54:42.150720+00:00] test.WARNING: Some warning message ["TEST"] []
[2021-03-25T00:57:42.099812+00:00] test.INFO: Some info message ["TEST"] []
[2021-03-25T00:57:42.111127+00:00] test.CRITICAL: Some critical message ["TEST"] []
[2021-03-25T00:57:42.120387+00:00] test.WARNING: Some warning message ["TEST"] []
[2021-03-25T00:59:44.228851+00:00] test.INFO: Some info message ["TEST"] []
[2021-03-25T00:59:44.240035+00:00] test.CRITICAL: Some critical message ["TEST"] []
[2021-03-25T00:59:44.247899+00:00] test.WARNING: Some warning message ["TEST"] []
[2021-03-25T09:00:56.639480+00:00] test.INFO: Some info message ["TEST"] []
[2021-03-25T09:00:56.652552+00:00] test.CRITICAL: Some critical message ["TEST"] []
[2021-03-25T09:00:56.661051+00:00] test.WARNING: Some warning message ["TEST"] []
[2021-03-25T09:07:45.367377+00:00] test.INFO: Some info message ["TEST"] []
[2021-03-25T09:07:45.377336+00:00] test.CRITICAL: Some critical message ["TEST"] []
[2021-03-25T09:07:45.384885+00:00] test.WARNING: Some warning message ["TEST"] []
[2021-03-25T09:09:02.050517+00:00] test.INFO: Some info message ["TEST"] []
[2021-03-25T09:09:02.063047+00:00] test.CRITICAL: Some critical message ["TEST"] []
[2021-03-25T09:09:02.070996+00:00] test.WARNING: Some warning message ["TEST"] []
[2021-03-25T09:31:46.459896+00:00] test.INFO: Some info message ["TEST"] []
[2021-03-25T09:31:46.472411+00:00] test.CRITICAL: Some critical message ["TEST"] []
[2021-03-25T09:31:46.480855+00:00] test.WARNING: Some warning message ["TEST"] []
[2021-03-25T23:08:56.647920+00:00] test.INFO: Some info message ["TEST"] []
[2021-03-25T23:08:56.660557+00:00] test.CRITICAL: Some critical message ["TEST"] []
[2021-03-25T23:08:56.670597+00:00] test.WARNING: Some warning message ["TEST"] []
[2021-03-25T23:22:29.303434+00:00] test.INFO: Some info message ["TEST"] []
[2021-03-25T23:22:29.317223+00:00] test.CRITICAL: Some critical message ["TEST"] []
[2021-03-25T23:22:29.325964+00:00] test.WARNING: Some warning message ["TEST"] []
[2021-03-26T07:49:47.931561+00:00] test.INFO: Some info message ["TEST"] []
[2021-03-26T07:49:47.942456+00:00] test.CRITICAL: Some critical message ["TEST"] []
[2021-03-26T07:49:47.950950+00:00] test.WARNING: Some warning message ["TEST"] []
[2021-03-26T07:51:37.857615+00:00] test.INFO: Some info message ["TEST"] []
[2021-03-26T07:51:37.871508+00:00] test.CRITICAL: Some critical message ["TEST"] []
[2021-03-26T07:51:37.884621+00:00] test.WARNING: Some warning message ["TEST"] []
[2021-03-26T07:56:21.521975+00:00] test.INFO: Some info message ["TEST"] []
[2021-03-26T07:56:21.534915+00:00] test.CRITICAL: Some critical message ["TEST"] []
[2021-03-26T07:56:21.545888+00:00] test.WARNING: Some warning message ["TEST"] []
[2021-03-26T08:00:03.890518+00:00] test.INFO: Some info message ["TEST"] []
[2021-03-26T08:00:03.900583+00:00] test.CRITICAL: Some critical message ["TEST"] []
[2021-03-26T08:00:03.909801+00:00] test.WARNING: Some warning message ["TEST"] []
[2021-03-26T08:02:38.291387+00:00] test.INFO: Some info message ["TEST"] []
[2021-03-26T08:02:38.302122+00:00] test.CRITICAL: Some critical message ["TEST"] []
[2021-03-26T08:02:38.310970+00:00] test.WARNING: Some warning message ["TEST"] []
[2021-03-26T08:03:08.841596+00:00] test.INFO: Some info message ["TEST"] []
[2021-03-26T08:03:08.852631+00:00] test.CRITICAL: Some critical message ["TEST"] []
[2021-03-26T08:03:08.861154+00:00] test.WARNING: Some warning message ["TEST"] []
[2021-03-26T08:05:04.991723+00:00] test.INFO: Some info message ["TEST"] []
[2021-03-26T08:05:05.002857+00:00] test.CRITICAL: Some critical message ["TEST"] []
[2021-03-26T08:05:05.012405+00:00] test.WARNING: Some warning message ["TEST"] []
[2021-03-26T08:06:24.874194+00:00] test.INFO: Some info message ["TEST"] []
[2021-03-26T08:06:24.885238+00:00] test.CRITICAL: Some critical message ["TEST"] []
[2021-03-26T08:06:24.893229+00:00] test.WARNING: Some warning message ["TEST"] []
[2021-03-26T08:11:28.147867+00:00] test.INFO: Some info message ["TEST"] []
[2021-03-26T08:11:28.159934+00:00] test.CRITICAL: Some critical message ["TEST"] []
[2021-03-26T08:11:28.168550+00:00] test.WARNING: Some warning message ["TEST"] []
[2021-03-26T09:02:08.656366+00:00] test.INFO: Some info message ["TEST"] []
[2021-03-26T09:02:08.667898+00:00] test.CRITICAL: Some critical message ["TEST"] []
[2021-03-26T09:02:08.678216+00:00] test.WARNING: Some warning message ["TEST"] []
[2021-03-26T09:26:28.722944+00:00] test.INFO: Some info message ["TEST"] []
[2021-03-26T09:26:28.735082+00:00] test.CRITICAL: Some critical message ["TEST"] []
[2021-03-26T09:26:28.746676+00:00] test.WARNING: Some warning message ["TEST"] []
[2021-03-26T09:29:35.615480+00:00] test.INFO: Some info message ["TEST"] []
[2021-03-26T09:29:35.627284+00:00] test.CRITICAL: Some critical message ["TEST"] []
[2021-03-26T09:29:35.636190+00:00] test.WARNING: Some warning message ["TEST"] []
[2021-03-26T09:33:32.156119+00:00] test.INFO: Some info message ["TEST"] []
[2021-03-26T09:33:32.168289+00:00] test.CRITICAL: Some critical message ["TEST"] []
[2021-03-26T09:33:32.177570+00:00] test.WARNING: Some warning message ["TEST"] []
[2021-03-26T10:33:21.945554+00:00] test.INFO: Some info message ["TEST"] []
[2021-03-26T10:33:21.961428+00:00] test.CRITICAL: Some critical message ["TEST"] []
[2021-03-26T10:33:21.969897+00:00] test.WARNING: Some warning message ["TEST"] []
[2021-03-26T10:50:57.058213+00:00] test.INFO: Some info message ["TEST"] []
[2021-03-26T10:50:57.071853+00:00] test.CRITICAL: Some critical message ["TEST"] []
[2021-03-26T10:50:57.083780+00:00] test.WARNING: Some warning message ["TEST"] []
[2021-03-26T11:04:43.071919+00:00] test.INFO: Some info message ["TEST"] []
[2021-03-26T11:04:43.087032+00:00] test.CRITICAL: Some critical message ["TEST"] []
[2021-03-26T11:04:43.098458+00:00] test.WARNING: Some warning message ["TEST"] []
[2021-03-26T11:19:31.027671+00:00] test.INFO: Some info message ["TEST"] []
[2021-03-26T11:19:31.039653+00:00] test.CRITICAL: Some critical message ["TEST"] []
[2021-03-26T11:19:31.050253+00:00] test.WARNING: Some warning message ["TEST"] []
[2021-03-26T12:17:31.276770+00:00] test.INFO: Some info message ["TEST"] []
[2021-03-26T12:17:31.294036+00:00] test.CRITICAL: Some critical message ["TEST"] []
[2021-03-26T12:17:31.307809+00:00] test.WARNING: Some warning message ["TEST"] []
[2021-03-26T12:23:03.013627+00:00] test.INFO: Some info message ["TEST"] []
[2021-03-26T12:23:03.026208+00:00] test.CRITICAL: Some critical message ["TEST"] []
[2021-03-26T12:23:03.034466+00:00] test.WARNING: Some warning message ["TEST"] []
[2021-03-26T12:24:19.058971+00:00] test.INFO: Some info message ["TEST"] []
[2021-03-26T12:24:19.070643+00:00] test.CRITICAL: Some critical message ["TEST"] []
[2021-03-26T12:24:19.080229+00:00] test.WARNING: Some warning message ["TEST"] []
[2021-03-26T12:24:56.968613+00:00] test.INFO: Some info message ["TEST"] []
[2021-03-26T12:24:56.982530+00:00] test.CRITICAL: Some critical message ["TEST"] []
[2021-03-26T12:24:56.991893+00:00] test.WARNING: Some warning message ["TEST"] []
